<?xml version="1.0" encoding="UTF-8"?>
<!-- Generated by org.testng.reporters.JUnitReportReporter -->
<testsuite skipped="0" hostname="PBUDRE01" name="NewTest" tests="2" failures="0" timestamp="2020-08-30T22:05:09 IST" time="0.010" errors="0">
  <testcase name="f" time="0.003" classname="NewTest"/>
  <system-out/>
  <testcase name="f" time="0.007" classname="NewTest"/>
  <system-out/>
</testsuite> <!-- NewTest -->
